0 verbose cli /usr/local/bin/node /usr/local/bin/npm
1 info using npm@10.9.4
2 info using node@v22.22.0
3 silly config load:file:/usr/local/lib/node_modules/npm/npmrc
4 silly config load:file:/data/.openclaw/workspace/claw-cookbook-registry/recipes/the-insight-synthesizer/.npmrc
5 silly config load:file:/data/.npmrc
6 silly config load:file:/data/.openclaw/workspace/claw-cookbook-registry/recipes/the-insight-synthesizer/etc/npmrc
7 verbose title npm install
8 verbose argv "install" "--prefix" "." "--cache" "./.npm-cache"
9 verbose logfile logs-max:10 dir:/data/.openclaw/workspace/claw-cookbook-registry/recipes/the-insight-synthesizer/.npm-cache/_logs/2026-03-08T06_05_22_997Z-
10 verbose logfile /data/.openclaw/workspace/claw-cookbook-registry/recipes/the-insight-synthesizer/.npm-cache/_logs/2026-03-08T06_05_22_997Z-debug-0.log
11 silly logfile done cleaning log files
12 silly packumentCache heap:2197815296 maxSize:549453824 maxEntrySize:274726912
13 silly idealTree buildDeps
14 silly fetch manifest dotenv@^16.3.1
15 silly packumentCache full:https://registry.npmjs.org/dotenv cache-miss
16 http fetch GET 200 https://registry.npmjs.org/npm 79ms
17 http fetch GET 200 https://registry.npmjs.org/dotenv 69ms (cache miss)
18 silly packumentCache full:https://registry.npmjs.org/dotenv set size:undefined disposed:false
19 silly fetch manifest node-fetch@^3.3.2
20 silly packumentCache full:https://registry.npmjs.org/node-fetch cache-miss
21 http fetch GET 200 https://registry.npmjs.org/node-fetch 31ms (cache miss)
22 silly packumentCache full:https://registry.npmjs.org/node-fetch set size:undefined disposed:false
23 silly fetch manifest rss-parser@^3.13.0
24 silly packumentCache full:https://registry.npmjs.org/rss-parser cache-miss
25 http fetch GET 200 https://registry.npmjs.org/rss-parser 24ms (cache miss)
26 silly packumentCache full:https://registry.npmjs.org/rss-parser set size:undefined disposed:false
27 silly placeDep ROOT dotenv@16.6.1 OK for: the-insight-synthesizer@1.0.0 want: ^16.3.1
28 silly placeDep ROOT node-fetch@3.3.2 OK for: the-insight-synthesizer@1.0.0 want: ^3.3.2
29 silly placeDep ROOT rss-parser@3.13.0 OK for: the-insight-synthesizer@1.0.0 want: ^3.13.0
30 silly fetch manifest data-uri-to-buffer@^4.0.0
31 silly packumentCache full:https://registry.npmjs.org/data-uri-to-buffer cache-miss
32 http fetch GET 200 https://registry.npmjs.org/data-uri-to-buffer 73ms (cache miss)
33 silly packumentCache full:https://registry.npmjs.org/data-uri-to-buffer set size:undefined disposed:false
34 silly fetch manifest fetch-blob@^3.1.4
35 silly packumentCache full:https://registry.npmjs.org/fetch-blob cache-miss
36 http fetch GET 200 https://registry.npmjs.org/fetch-blob 25ms (cache miss)
37 silly packumentCache full:https://registry.npmjs.org/fetch-blob set size:undefined disposed:false
38 silly fetch manifest formdata-polyfill@^4.0.10
39 silly packumentCache full:https://registry.npmjs.org/formdata-polyfill cache-miss
40 http fetch GET 200 https://registry.npmjs.org/formdata-polyfill 28ms (cache miss)
41 silly packumentCache full:https://registry.npmjs.org/formdata-polyfill set size:undefined disposed:false
42 silly fetch manifest entities@^2.0.3
43 silly packumentCache full:https://registry.npmjs.org/entities cache-miss
44 http fetch GET 200 https://registry.npmjs.org/entities 21ms (cache miss)
45 silly packumentCache full:https://registry.npmjs.org/entities set size:undefined disposed:false
46 silly fetch manifest xml2js@^0.5.0
47 silly packumentCache full:https://registry.npmjs.org/xml2js cache-miss
48 http fetch GET 200 https://registry.npmjs.org/xml2js 25ms (cache miss)
49 silly packumentCache full:https://registry.npmjs.org/xml2js set size:undefined disposed:false
50 silly placeDep ROOT data-uri-to-buffer@4.0.1 OK for: node-fetch@3.3.2 want: ^4.0.0
51 silly placeDep ROOT fetch-blob@3.2.0 OK for: node-fetch@3.3.2 want: ^3.1.4
52 silly placeDep ROOT formdata-polyfill@4.0.10 OK for: node-fetch@3.3.2 want: ^4.0.10
53 silly fetch manifest node-domexception@^1.0.0
54 silly packumentCache full:https://registry.npmjs.org/node-domexception cache-miss
55 http fetch GET 200 https://registry.npmjs.org/node-domexception 21ms (cache miss)
56 silly packumentCache full:https://registry.npmjs.org/node-domexception set size:undefined disposed:false
57 silly fetch manifest web-streams-polyfill@^3.0.3
58 silly packumentCache full:https://registry.npmjs.org/web-streams-polyfill cache-miss
59 http fetch GET 200 https://registry.npmjs.org/web-streams-polyfill 298ms (cache miss)
60 silly packumentCache full:https://registry.npmjs.org/web-streams-polyfill set size:undefined disposed:false
61 silly placeDep ROOT node-domexception@1.0.0 OK for: fetch-blob@3.2.0 want: ^1.0.0
62 silly placeDep ROOT web-streams-polyfill@3.3.3 OK for: fetch-blob@3.2.0 want: ^3.0.3
63 silly placeDep ROOT entities@2.2.0 OK for: rss-parser@3.13.0 want: ^2.0.3
64 silly placeDep ROOT xml2js@0.5.0 OK for: rss-parser@3.13.0 want: ^0.5.0
65 silly fetch manifest sax@>=0.6.0
66 silly packumentCache full:https://registry.npmjs.org/sax cache-miss
67 http fetch GET 200 https://registry.npmjs.org/sax 23ms (cache miss)
68 silly packumentCache full:https://registry.npmjs.org/sax set size:undefined disposed:false
69 silly fetch manifest xmlbuilder@~11.0.0
70 silly packumentCache full:https://registry.npmjs.org/xmlbuilder cache-miss
71 http fetch GET 200 https://registry.npmjs.org/xmlbuilder 25ms (cache miss)
72 silly packumentCache full:https://registry.npmjs.org/xmlbuilder set size:undefined disposed:false
73 silly placeDep ROOT sax@1.5.0 OK for: xml2js@0.5.0 want: >=0.6.0
74 silly placeDep ROOT xmlbuilder@11.0.1 OK for: xml2js@0.5.0 want: ~11.0.0
75 silly reify moves {}
76 silly audit bulk request {
76 silly audit   dotenv: [ '16.6.1' ],
76 silly audit   'node-fetch': [ '3.3.2' ],
76 silly audit   'rss-parser': [ '3.13.0' ],
76 silly audit   'data-uri-to-buffer': [ '4.0.1' ],
76 silly audit   'fetch-blob': [ '3.2.0' ],
76 silly audit   'formdata-polyfill': [ '4.0.10' ],
76 silly audit   'node-domexception': [ '1.0.0' ],
76 silly audit   'web-streams-polyfill': [ '3.3.3' ],
76 silly audit   entities: [ '2.2.0' ],
76 silly audit   xml2js: [ '0.5.0' ],
76 silly audit   sax: [ '1.5.0' ],
76 silly audit   xmlbuilder: [ '11.0.1' ]
76 silly audit }
77 http cache xmlbuilder@https://registry.npmjs.org/xmlbuilder/-/xmlbuilder-11.0.1.tgz 0ms (cache hit)
78 http cache sax@https://registry.npmjs.org/sax/-/sax-1.5.0.tgz 0ms (cache hit)
79 http cache xml2js@https://registry.npmjs.org/xml2js/-/xml2js-0.5.0.tgz 0ms (cache hit)
80 http cache entities@https://registry.npmjs.org/entities/-/entities-2.2.0.tgz 0ms (cache hit)
81 http cache node-domexception@https://registry.npmjs.org/node-domexception/-/node-domexception-1.0.0.tgz 0ms (cache hit)
82 http cache formdata-polyfill@https://registry.npmjs.org/formdata-polyfill/-/formdata-polyfill-4.0.10.tgz 0ms (cache hit)
83 http cache fetch-blob@https://registry.npmjs.org/fetch-blob/-/fetch-blob-3.2.0.tgz 0ms (cache hit)
84 http cache web-streams-polyfill@https://registry.npmjs.org/web-streams-polyfill/-/web-streams-polyfill-3.3.3.tgz 1ms (cache hit)
85 http cache data-uri-to-buffer@https://registry.npmjs.org/data-uri-to-buffer/-/data-uri-to-buffer-4.0.1.tgz 0ms (cache hit)
86 http cache rss-parser@https://registry.npmjs.org/rss-parser/-/rss-parser-3.13.0.tgz 0ms (cache hit)
87 http cache node-fetch@https://registry.npmjs.org/node-fetch/-/node-fetch-3.3.2.tgz 0ms (cache hit)
88 silly tarball no local data for xmlbuilder@https://registry.npmjs.org/xmlbuilder/-/xmlbuilder-11.0.1.tgz. Extracting by manifest.
89 silly tarball no local data for sax@https://registry.npmjs.org/sax/-/sax-1.5.0.tgz. Extracting by manifest.
90 silly tarball no local data for xml2js@https://registry.npmjs.org/xml2js/-/xml2js-0.5.0.tgz. Extracting by manifest.
91 silly tarball no local data for entities@https://registry.npmjs.org/entities/-/entities-2.2.0.tgz. Extracting by manifest.
92 silly tarball no local data for node-domexception@https://registry.npmjs.org/node-domexception/-/node-domexception-1.0.0.tgz. Extracting by manifest.
93 silly tarball no local data for formdata-polyfill@https://registry.npmjs.org/formdata-polyfill/-/formdata-polyfill-4.0.10.tgz. Extracting by manifest.
94 silly tarball no local data for fetch-blob@https://registry.npmjs.org/fetch-blob/-/fetch-blob-3.2.0.tgz. Extracting by manifest.
95 silly tarball no local data for web-streams-polyfill@https://registry.npmjs.org/web-streams-polyfill/-/web-streams-polyfill-3.3.3.tgz. Extracting by manifest.
96 silly tarball no local data for data-uri-to-buffer@https://registry.npmjs.org/data-uri-to-buffer/-/data-uri-to-buffer-4.0.1.tgz. Extracting by manifest.
97 silly tarball no local data for rss-parser@https://registry.npmjs.org/rss-parser/-/rss-parser-3.13.0.tgz. Extracting by manifest.
98 silly tarball no local data for node-fetch@https://registry.npmjs.org/node-fetch/-/node-fetch-3.3.2.tgz. Extracting by manifest.
99 http cache dotenv@https://registry.npmjs.org/dotenv/-/dotenv-16.6.1.tgz 0ms (cache hit)
100 silly tarball no local data for dotenv@https://registry.npmjs.org/dotenv/-/dotenv-16.6.1.tgz. Extracting by manifest.
101 http fetch POST 200 https://registry.npmjs.org/-/npm/v1/security/advisories/bulk 110ms
102 silly audit report {}
103 http fetch GET 200 https://registry.npmjs.org/data-uri-to-buffer/-/data-uri-to-buffer-4.0.1.tgz 133ms (cache miss)
104 http fetch GET 200 https://registry.npmjs.org/fetch-blob/-/fetch-blob-3.2.0.tgz 141ms (cache miss)
105 http fetch GET 200 https://registry.npmjs.org/xmlbuilder/-/xmlbuilder-11.0.1.tgz 143ms (cache miss)
106 http fetch GET 200 https://registry.npmjs.org/formdata-polyfill/-/formdata-polyfill-4.0.10.tgz 144ms (cache miss)
107 http fetch GET 200 https://registry.npmjs.org/sax/-/sax-1.5.0.tgz 148ms (cache miss)
108 http fetch GET 200 https://registry.npmjs.org/node-domexception/-/node-domexception-1.0.0.tgz 151ms (cache miss)
109 http fetch GET 200 https://registry.npmjs.org/entities/-/entities-2.2.0.tgz 153ms (cache miss)
110 http fetch GET 200 https://registry.npmjs.org/xml2js/-/xml2js-0.5.0.tgz 154ms (cache miss)
111 warn deprecated node-domexception@1.0.0: Use your platform's native DOMException instead
112 http fetch GET 200 https://registry.npmjs.org/dotenv/-/dotenv-16.6.1.tgz 141ms (cache miss)
113 http fetch GET 200 https://registry.npmjs.org/node-fetch/-/node-fetch-3.3.2.tgz 158ms (cache miss)
114 http fetch GET 200 https://registry.npmjs.org/rss-parser/-/rss-parser-3.13.0.tgz 187ms (cache miss)
115 http fetch GET 200 https://registry.npmjs.org/web-streams-polyfill/-/web-streams-polyfill-3.3.3.tgz 279ms (cache miss)
116 silly ADD node_modules/xmlbuilder
117 silly ADD node_modules/sax
118 silly ADD node_modules/xml2js
119 silly ADD node_modules/entities
120 silly ADD node_modules/web-streams-polyfill
121 silly ADD node_modules/node-domexception
122 silly ADD node_modules/formdata-polyfill
123 silly ADD node_modules/fetch-blob
124 silly ADD node_modules/data-uri-to-buffer
125 silly ADD node_modules/rss-parser
126 silly ADD node_modules/node-fetch
127 silly ADD node_modules/dotenv
128 verbose cwd /data/.openclaw/workspace/claw-cookbook-registry/recipes/the-insight-synthesizer
129 verbose os Linux 6.12.73+deb13-amd64
130 verbose node v22.22.0
131 verbose npm  v10.9.4
132 notice
132 notice New major version of npm available! 10.9.4 -> 11.11.0
132 notice Changelog: https://github.com/npm/cli/releases/tag/v11.11.0
132 notice To update run: npm install -g npm@11.11.0
132 notice  { force: true, [Symbol(proc-log.meta)]: true }
133 verbose exit 0
134 info ok
